2025-04-14 09:07:03 INFO  c.e.delivery.DeliveryApplication - Starting DeliveryApplication using Java 23.0.1 with PID 6072 (D:\Java Projects\Delivery\target\classes started by WwWwWwW in D:\Java Projects\Delivery)
2025-04-14 09:07:03 INFO  c.e.delivery.DeliveryApplication - No active profile set, falling back to 1 default profile: "default"
2025-04-14 09:07:04 INFO  o.s.d.r.c.RepositoryConfigurationDelegate - Bootstrapping Spring Data JPA repositories in DEFAULT mode.
2025-04-14 09:07:05 INFO  o.s.d.r.c.RepositoryConfigurationDelegate - Finished Spring Data repository scanning in 69 ms. Found 3 JPA repository interfaces.
2025-04-14 09:07:06 INFO  o.s.b.w.e.tomcat.TomcatWebServer - Tomcat initialized with port 8080 (http)
2025-04-14 09:07:06 INFO  o.a.coyote.http11.Http11NioProtocol - Initializing ProtocolHandler ["http-nio-8080"]
2025-04-14 09:07:06 INFO  o.a.catalina.core.StandardService - Starting service [Tomcat]
2025-04-14 09:07:06 INFO  o.a.catalina.core.StandardEngine - Starting Servlet engine: [Apache Tomcat/10.1.39]
2025-04-14 09:07:06 INFO  o.a.c.c.C.[Tomcat].[localhost].[/] - Initializing Spring embedded WebApplicationContext
2025-04-14 09:07:06 INFO  o.s.b.w.s.c.ServletWebServerApplicationContext - Root WebApplicationContext: initialization completed in 3070 ms
2025-04-14 09:07:07 INFO  o.h.jpa.internal.util.LogHelper - HHH000204: Processing PersistenceUnitInfo [name: default]
2025-04-14 09:07:07 INFO  org.hibernate.Version - HHH000412: Hibernate ORM core version 6.6.11.Final
2025-04-14 09:07:07 INFO  o.h.c.i.RegionFactoryInitiator - HHH000026: Second-level cache disabled
2025-04-14 09:07:08 INFO  o.s.o.j.p.SpringPersistenceUnitInfo - No LoadTimeWeaver setup: ignoring JPA class transformer
2025-04-14 09:07:08 INFO  com.zaxxer.hikari.HikariDataSource - HikariPool-1 - Starting...
2025-04-14 09:07:09 INFO  com.zaxxer.hikari.pool.HikariPool - HikariPool-1 - Added connection org.postgresql.jdbc.PgConnection@7b1c501d
2025-04-14 09:07:09 INFO  com.zaxxer.hikari.HikariDataSource - HikariPool-1 - Start completed.
2025-04-14 09:07:09 INFO  o.hibernate.orm.connections.pooling - HHH10001005: Database info:
2025-04-14 09:07:11 INFO  o.h.e.t.j.p.i.JtaPlatformInitiator - HHH000489: No JTA platform available (set 'hibernate.transaction.jta.platform' to enable JTA platform integration)
2025-04-14 09:07:12 INFO  o.s.o.j.LocalContainerEntityManagerFactoryBean - Initialized JPA EntityManagerFactory for persistence unit 'default'
2025-04-14 09:07:13 INFO  o.s.d.j.r.query.QueryEnhancerFactory - Hibernate is in classpath; If applicable, HQL parser will be used.
2025-04-14 09:07:15 WARN  o.s.b.a.o.j.JpaBaseConfiguration$JpaWebConfiguration - spring.jpa.open-in-view is enabled by default. Therefore, database queries may be performed during view rendering. Explicitly configure spring.jpa.open-in-view to disable this warning
2025-04-14 09:07:15 INFO  o.s.v.b.OptionalValidatorFactoryBean - Failed to set up a Bean Validation provider: jakarta.validation.NoProviderFoundException: Unable to create a Configuration, because no Jakarta Bean Validation provider could be found. Add a provider like Hibernate Validator (RI) to your classpath.
2025-04-14 09:07:16 INFO  o.a.coyote.http11.Http11NioProtocol - Starting ProtocolHandler ["http-nio-8080"]
2025-04-14 09:07:16 INFO  o.s.b.w.e.tomcat.TomcatWebServer - Tomcat started on port 8080 (http) with context path '/'
2025-04-14 09:07:16 INFO  c.e.delivery.DeliveryApplication - Started DeliveryApplication in 13.352 seconds (process running for 15.323)
2025-04-14 09:07:25 INFO  o.a.c.c.C.[Tomcat].[localhost].[/] - Initializing Spring DispatcherServlet 'dispatcherServlet'
2025-04-14 09:07:25 INFO  o.s.web.servlet.DispatcherServlet - Initializing Servlet 'dispatcherServlet'
2025-04-14 09:07:25 INFO  o.s.web.servlet.DispatcherServlet - Completed initialization in 1 ms
2025-04-14 09:07:25 INFO  c.e.delivery.aspects.LoggingAspect - << getAllFood() - result: [Food(id=8, name=Fish and Chips, price=3.99), Food(id=12, name=Big Tasty, price=4.99), Food(id=13, name=Soup, price=2.99), Food(id=15, name=Fried Fish, price=2.99), Food(id=16, name=Burger, price=4.99), Food(id=17, name=Cheese burger, price=2.99)]
2025-04-14 09:07:52 INFO  c.example.delivery.utils.CustomCache - Retrieved entry: 8=null (Cache size: 0)
2025-04-14 09:07:52 INFO  c.example.delivery.utils.CustomCache - Added entry: 8=Food(id=8, name=Fish and Chips, price=3.99) (Cache size: 1)
2025-04-14 09:07:52 INFO  c.e.delivery.aspects.LoggingAspect - << getFoodById() - result: Food(id=8, name=Fish and Chips, price=3.99)
2025-04-14 09:08:11 INFO  c.example.delivery.utils.CustomCache - Retrieved entry: 8=Food(id=8, name=Fish and Chips, price=3.99) (Cache size: 1)
2025-04-14 09:08:11 INFO  c.e.delivery.aspects.LoggingAspect - << getFoodById() - result: Food(id=8, name=Fish and Chips, price=3.99)
2025-04-14 09:08:52 INFO  c.example.delivery.utils.CustomCache - Removed entry: 8=Food(id=8, name=Fish and Chips, price=3.99) (Cache size: 0)
2025-04-14 09:08:52 INFO  c.example.delivery.utils.CustomCache - Automatically removed entry: 8 (Cache size: 0)
2025-04-14 09:18:21 INFO  o.s.b.w.e.tomcat.GracefulShutdown - Commencing graceful shutdown. Waiting for active requests to complete
2025-04-14 09:18:21 INFO  o.s.b.w.e.tomcat.GracefulShutdown - Graceful shutdown complete
2025-04-14 09:18:22 INFO  c.example.delivery.utils.CustomCache - Shutting down cache executor...
2025-04-14 09:18:22 INFO  o.s.o.j.LocalContainerEntityManagerFactoryBean - Closing JPA EntityManagerFactory for persistence unit 'default'
2025-04-14 09:18:22 INFO  com.zaxxer.hikari.HikariDataSource - HikariPool-1 - Shutdown initiated...
2025-04-14 09:18:22 INFO  com.zaxxer.hikari.HikariDataSource - HikariPool-1 - Shutdown completed.
2025-04-14 09:19:10 INFO  c.e.delivery.DeliveryApplication - Starting DeliveryApplication using Java 23.0.1 with PID 17268 (D:\Java Projects\Delivery\target\classes started by WwWwWwW in D:\Java Projects\Delivery)
2025-04-14 09:19:10 INFO  c.e.delivery.DeliveryApplication - No active profile set, falling back to 1 default profile: "default"
2025-04-14 09:19:11 INFO  o.s.d.r.c.RepositoryConfigurationDelegate - Bootstrapping Spring Data JPA repositories in DEFAULT mode.
2025-04-14 09:19:12 INFO  o.s.d.r.c.RepositoryConfigurationDelegate - Finished Spring Data repository scanning in 76 ms. Found 3 JPA repository interfaces.
2025-04-14 09:19:13 INFO  o.s.b.w.e.tomcat.TomcatWebServer - Tomcat initialized with port 8080 (http)
2025-04-14 09:19:13 INFO  o.a.coyote.http11.Http11NioProtocol - Initializing ProtocolHandler ["http-nio-8080"]
2025-04-14 09:19:13 INFO  o.a.catalina.core.StandardService - Starting service [Tomcat]
2025-04-14 09:19:13 INFO  o.a.catalina.core.StandardEngine - Starting Servlet engine: [Apache Tomcat/10.1.39]
2025-04-14 09:19:13 INFO  o.a.c.c.C.[Tomcat].[localhost].[/] - Initializing Spring embedded WebApplicationContext
2025-04-14 09:19:13 INFO  o.s.b.w.s.c.ServletWebServerApplicationContext - Root WebApplicationContext: initialization completed in 2486 ms
2025-04-14 09:19:13 INFO  o.h.jpa.internal.util.LogHelper - HHH000204: Processing PersistenceUnitInfo [name: default]
2025-04-14 09:19:13 INFO  org.hibernate.Version - HHH000412: Hibernate ORM core version 6.6.11.Final
2025-04-14 09:19:13 INFO  o.h.c.i.RegionFactoryInitiator - HHH000026: Second-level cache disabled
2025-04-14 09:19:14 INFO  o.s.o.j.p.SpringPersistenceUnitInfo - No LoadTimeWeaver setup: ignoring JPA class transformer
2025-04-14 09:19:14 INFO  com.zaxxer.hikari.HikariDataSource - HikariPool-1 - Starting...
2025-04-14 09:19:14 INFO  com.zaxxer.hikari.pool.HikariPool - HikariPool-1 - Added connection org.postgresql.jdbc.PgConnection@6654ca0d
2025-04-14 09:19:14 INFO  com.zaxxer.hikari.HikariDataSource - HikariPool-1 - Start completed.
2025-04-14 09:19:14 INFO  o.hibernate.orm.connections.pooling - HHH10001005: Database info:
2025-04-14 09:19:16 INFO  o.h.e.t.j.p.i.JtaPlatformInitiator - HHH000489: No JTA platform available (set 'hibernate.transaction.jta.platform' to enable JTA platform integration)
2025-04-14 09:19:16 INFO  o.s.o.j.LocalContainerEntityManagerFactoryBean - Initialized JPA EntityManagerFactory for persistence unit 'default'
2025-04-14 09:19:17 INFO  o.s.d.j.r.query.QueryEnhancerFactory - Hibernate is in classpath; If applicable, HQL parser will be used.
2025-04-14 09:19:18 WARN  o.s.b.a.o.j.JpaBaseConfiguration$JpaWebConfiguration - spring.jpa.open-in-view is enabled by default. Therefore, database queries may be performed during view rendering. Explicitly configure spring.jpa.open-in-view to disable this warning
2025-04-14 09:19:19 INFO  o.s.v.b.OptionalValidatorFactoryBean - Failed to set up a Bean Validation provider: jakarta.validation.NoProviderFoundException: Unable to create a Configuration, because no Jakarta Bean Validation provider could be found. Add a provider like Hibernate Validator (RI) to your classpath.
2025-04-14 09:19:19 INFO  o.a.coyote.http11.Http11NioProtocol - Starting ProtocolHandler ["http-nio-8080"]
2025-04-14 09:19:19 INFO  o.s.b.w.e.tomcat.TomcatWebServer - Tomcat started on port 8080 (http) with context path '/'
2025-04-14 09:19:19 INFO  c.e.delivery.DeliveryApplication - Started DeliveryApplication in 9.807 seconds (process running for 11.153)
2025-04-14 09:19:25 INFO  o.a.c.c.C.[Tomcat].[localhost].[/] - Initializing Spring DispatcherServlet 'dispatcherServlet'
2025-04-14 09:19:25 INFO  o.s.web.servlet.DispatcherServlet - Initializing Servlet 'dispatcherServlet'
2025-04-14 09:19:25 INFO  o.s.web.servlet.DispatcherServlet - Completed initialization in 2 ms
2025-04-14 09:19:25 INFO  c.example.delivery.utils.CustomCache - Retrieved entry: 8=null (Cache size: 0)
2025-04-14 09:19:25 INFO  c.example.delivery.utils.CustomCache - Added entry: 8=Food(id=8, name=Fish and Chips, price=3.99) (Cache size: 1)
2025-04-14 09:19:25 INFO  c.e.delivery.aspects.LoggingAspect - << getFoodById() - result: Food(id=8, name=Fish and Chips, price=3.99)
2025-04-14 09:19:27 INFO  c.example.delivery.utils.CustomCache - Retrieved entry: 8=Food(id=8, name=Fish and Chips, price=3.99) (Cache size: 1)
2025-04-14 09:19:27 INFO  c.e.delivery.aspects.LoggingAspect - << getFoodById() - result: Food(id=8, name=Fish and Chips, price=3.99)
2025-04-14 09:20:25 INFO  c.example.delivery.utils.CustomCache - Removed entry: 8=Food(id=8, name=Fish and Chips, price=3.99) (Cache size: 0)
2025-04-14 09:20:25 INFO  c.example.delivery.utils.CustomCache - Automatically removed entry: 8 (Cache size: 0)
2025-04-14 09:38:57 INFO  c.e.delivery.aspects.LoggingAspect - << generateLogFileForDateAsync() - result: java.util.concurrent.CompletableFuture@3184197b[Not completed]
2025-04-14 09:39:28 WARN  o.s.w.s.m.s.DefaultHandlerExceptionResolver - Resolved [org.springframework.web.HttpRequestMethodNotSupportedException: Request method 'GET' is not supported]
2025-04-14 09:39:51 INFO  c.e.delivery.aspects.LoggingAspect - << generateLogFileForDateAsync() - result: java.util.concurrent.CompletableFuture@291007f2[Not completed]