2025-04-06 22:25:48 INFO  c.e.delivery.DeliveryApplication - Starting DeliveryApplication using Java 23.0.1 with PID 4300 (D:\Java Projects\Delivery\target\classes started by WwWwWwW in D:\Java Projects\Delivery)
2025-04-06 22:25:48 INFO  c.e.delivery.DeliveryApplication - No active profile set, falling back to 1 default profile: "default"
2025-04-06 22:25:49 INFO  o.s.d.r.c.RepositoryConfigurationDelegate - Bootstrapping Spring Data JPA repositories in DEFAULT mode.
2025-04-06 22:25:49 INFO  o.s.d.r.c.RepositoryConfigurationDelegate - Finished Spring Data repository scanning in 58 ms. Found 3 JPA repository interfaces.
2025-04-06 22:25:50 INFO  o.s.b.w.e.tomcat.TomcatWebServer - Tomcat initialized with port 8080 (http)
2025-04-06 22:25:50 INFO  o.a.coyote.http11.Http11NioProtocol - Initializing ProtocolHandler ["http-nio-8080"]
2025-04-06 22:25:50 INFO  o.a.catalina.core.StandardService - Starting service [Tomcat]
2025-04-06 22:25:50 INFO  o.a.catalina.core.StandardEngine - Starting Servlet engine: [Apache Tomcat/10.1.39]
2025-04-06 22:25:50 INFO  o.a.c.c.C.[Tomcat].[localhost].[/] - Initializing Spring embedded WebApplicationContext
2025-04-06 22:25:50 INFO  o.s.b.w.s.c.ServletWebServerApplicationContext - Root WebApplicationContext: initialization completed in 1869 ms
2025-04-06 22:25:50 INFO  o.h.jpa.internal.util.LogHelper - HHH000204: Processing PersistenceUnitInfo [name: default]
2025-04-06 22:25:50 INFO  org.hibernate.Version - HHH000412: Hibernate ORM core version 6.6.11.Final
2025-04-06 22:25:50 INFO  o.h.c.i.RegionFactoryInitiator - HHH000026: Second-level cache disabled
2025-04-06 22:25:51 INFO  o.s.o.j.p.SpringPersistenceUnitInfo - No LoadTimeWeaver setup: ignoring JPA class transformer
2025-04-06 22:25:51 INFO  com.zaxxer.hikari.HikariDataSource - HikariPool-1 - Starting...
2025-04-06 22:25:51 INFO  com.zaxxer.hikari.pool.HikariPool - HikariPool-1 - Added connection org.postgresql.jdbc.PgConnection@30228de7
2025-04-06 22:25:51 INFO  com.zaxxer.hikari.HikariDataSource - HikariPool-1 - Start completed.
2025-04-06 22:25:51 INFO  o.hibernate.orm.connections.pooling - HHH10001005: Database info:
2025-04-06 22:25:53 INFO  o.h.e.t.j.p.i.JtaPlatformInitiator - HHH000489: No JTA platform available (set 'hibernate.transaction.jta.platform' to enable JTA platform integration)
2025-04-06 22:25:53 INFO  o.s.o.j.LocalContainerEntityManagerFactoryBean - Initialized JPA EntityManagerFactory for persistence unit 'default'
2025-04-06 22:25:53 INFO  o.s.d.j.r.query.QueryEnhancerFactory - Hibernate is in classpath; If applicable, HQL parser will be used.
2025-04-06 22:25:54 WARN  o.s.b.a.o.j.JpaBaseConfiguration$JpaWebConfiguration - spring.jpa.open-in-view is enabled by default. Therefore, database queries may be performed during view rendering. Explicitly configure spring.jpa.open-in-view to disable this warning
2025-04-06 22:25:55 INFO  o.s.v.b.OptionalValidatorFactoryBean - Failed to set up a Bean Validation provider: jakarta.validation.NoProviderFoundException: Unable to create a Configuration, because no Jakarta Bean Validation provider could be found. Add a provider like Hibernate Validator (RI) to your classpath.
2025-04-06 22:25:55 INFO  o.a.coyote.http11.Http11NioProtocol - Starting ProtocolHandler ["http-nio-8080"]
2025-04-06 22:25:55 INFO  o.s.b.w.e.tomcat.TomcatWebServer - Tomcat started on port 8080 (http) with context path '/'
2025-04-06 22:25:55 INFO  c.e.delivery.DeliveryApplication - Started DeliveryApplication in 7.706 seconds (process running for 8.908)
2025-04-06 22:28:35 INFO  o.a.c.c.C.[Tomcat].[localhost].[/] - Initializing Spring DispatcherServlet 'dispatcherServlet'
2025-04-06 22:28:35 INFO  o.s.web.servlet.DispatcherServlet - Initializing Servlet 'dispatcherServlet'
2025-04-06 22:28:35 INFO  o.s.web.servlet.DispatcherServlet - Completed initialization in 2 ms