2025-05-04 19:43:23 INFO  c.e.delivery.DeliveryApplication - Starting DeliveryApplication using Java 23.0.1 with PID 3080 (D:\Java Projects\Delivery\target\classes started by WwWwWwW in D:\Java Projects\Delivery)
2025-05-04 19:43:23 INFO  c.e.delivery.DeliveryApplication - No active profile set, falling back to 1 default profile: "default"
2025-05-04 19:43:25 INFO  o.s.d.r.c.RepositoryConfigurationDelegate - Bootstrapping Spring Data JPA repositories in DEFAULT mode.
2025-05-04 19:43:25 INFO  o.s.d.r.c.RepositoryConfigurationDelegate - Finished Spring Data repository scanning in 131 ms. Found 3 JPA repository interfaces.
2025-05-04 19:43:27 INFO  o.s.b.w.e.tomcat.TomcatWebServer - Tomcat initialized with port 8080 (http)
2025-05-04 19:43:27 INFO  o.a.coyote.http11.Http11NioProtocol - Initializing ProtocolHandler ["http-nio-8080"]
2025-05-04 19:43:27 INFO  o.a.catalina.core.StandardService - Starting service [Tomcat]
2025-05-04 19:43:27 INFO  o.a.catalina.core.StandardEngine - Starting Servlet engine: [Apache Tomcat/10.1.39]
2025-05-04 19:43:27 INFO  o.a.c.c.C.[Tomcat].[localhost].[/] - Initializing Spring embedded WebApplicationContext
2025-05-04 19:43:27 INFO  o.s.b.w.s.c.ServletWebServerApplicationContext - Root WebApplicationContext: initialization completed in 3482 ms
2025-05-04 19:43:27 INFO  o.h.jpa.internal.util.LogHelper - HHH000204: Processing PersistenceUnitInfo [name: default]
2025-05-04 19:43:27 INFO  org.hibernate.Version - HHH000412: Hibernate ORM core version 6.6.11.Final
2025-05-04 19:43:28 INFO  o.h.c.i.RegionFactoryInitiator - HHH000026: Second-level cache disabled
2025-05-04 19:43:28 INFO  o.s.o.j.p.SpringPersistenceUnitInfo - No LoadTimeWeaver setup: ignoring JPA class transformer
2025-05-04 19:43:28 INFO  com.zaxxer.hikari.HikariDataSource - HikariPool-1 - Starting...
2025-05-04 19:43:29 INFO  com.zaxxer.hikari.pool.HikariPool - HikariPool-1 - Added connection org.postgresql.jdbc.PgConnection@d4ecdb0
2025-05-04 19:43:29 INFO  com.zaxxer.hikari.HikariDataSource - HikariPool-1 - Start completed.
2025-05-04 19:43:29 INFO  o.hibernate.orm.connections.pooling - HHH10001005: Database info:
2025-05-04 19:43:34 INFO  o.h.e.t.j.p.i.JtaPlatformInitiator - HHH000489: No JTA platform available (set 'hibernate.transaction.jta.platform' to enable JTA platform integration)
2025-05-04 19:43:35 INFO  o.s.o.j.LocalContainerEntityManagerFactoryBean - Initialized JPA EntityManagerFactory for persistence unit 'default'
2025-05-04 19:43:36 INFO  o.s.d.j.r.query.QueryEnhancerFactory - Hibernate is in classpath; If applicable, HQL parser will be used.
2025-05-04 19:43:38 WARN  o.s.b.a.o.j.JpaBaseConfiguration$JpaWebConfiguration - spring.jpa.open-in-view is enabled by default. Therefore, database queries may be performed during view rendering. Explicitly configure spring.jpa.open-in-view to disable this warning
2025-05-04 19:43:38 INFO  o.s.v.b.OptionalValidatorFactoryBean - Failed to set up a Bean Validation provider: jakarta.validation.NoProviderFoundException: Unable to create a Configuration, because no Jakarta Bean Validation provider could be found. Add a provider like Hibernate Validator (RI) to your classpath.
2025-05-04 19:43:40 INFO  o.a.coyote.http11.Http11NioProtocol - Starting ProtocolHandler ["http-nio-8080"]
2025-05-04 19:43:40 INFO  o.s.b.w.e.tomcat.TomcatWebServer - Tomcat started on port 8080 (http) with context path '/'
2025-05-04 19:43:40 INFO  c.e.delivery.DeliveryApplication - Started DeliveryApplication in 17.738 seconds (process running for 20.435)
2025-05-04 19:45:40 INFO  o.a.c.c.C.[Tomcat].[localhost].[/] - Initializing Spring DispatcherServlet 'dispatcherServlet'
2025-05-04 19:45:40 INFO  o.s.web.servlet.DispatcherServlet - Initializing Servlet 'dispatcherServlet'
2025-05-04 19:45:40 INFO  o.s.web.servlet.DispatcherServlet - Completed initialization in 2 ms
2025-05-04 19:45:40 INFO  c.e.delivery.aspects.LoggingAspect - << getAllFood() - result: [Food(id=12, name=Big Tasty, price=4.99), Food(id=13, name=Soup, price=2.99), Food(id=15, name=Fried Fish, price=2.99), Food(id=16, name=Burger, price=4.99), Food(id=17, name=Cheese burger, price=2.99), Food(id=26, name=Filadelfia Sushi, price=4.99), Food(id=27, name=Apple pizza, price=4.99)]
2025-05-04 19:45:40 INFO  c.e.delivery.aspects.LoggingAspect - << incrementVisitCount() - result: null
2025-05-04 19:45:43 INFO  c.e.delivery.aspects.LoggingAspect - << getAllFood() - result: [Food(id=12, name=Big Tasty, price=4.99), Food(id=13, name=Soup, price=2.99), Food(id=15, name=Fried Fish, price=2.99), Food(id=16, name=Burger, price=4.99), Food(id=17, name=Cheese burger, price=2.99), Food(id=26, name=Filadelfia Sushi, price=4.99), Food(id=27, name=Apple pizza, price=4.99)]
2025-05-04 19:45:43 INFO  c.e.delivery.aspects.LoggingAspect - << incrementVisitCount() - result: null
2025-05-04 19:46:05 INFO  c.e.delivery.aspects.LoggingAspect - << getAllVisitCounts() - result: {/food=2}
2025-05-04 19:47:44 INFO  o.s.b.w.e.tomcat.GracefulShutdown - Commencing graceful shutdown. Waiting for active requests to complete
2025-05-04 19:47:44 INFO  o.s.b.w.e.tomcat.GracefulShutdown - Graceful shutdown complete
2025-05-04 19:47:44 INFO  c.example.delivery.utils.CustomCache - Shutting down cache executor...
2025-05-04 19:47:44 INFO  o.s.o.j.LocalContainerEntityManagerFactoryBean - Closing JPA EntityManagerFactory for persistence unit 'default'
2025-05-04 19:47:44 INFO  com.zaxxer.hikari.HikariDataSource - HikariPool-1 - Shutdown initiated...
2025-05-04 19:47:44 INFO  com.zaxxer.hikari.HikariDataSource - HikariPool-1 - Shutdown completed.
2025-05-04 19:50:02 INFO  c.e.delivery.DeliveryApplication - Starting DeliveryApplication using Java 23.0.1 with PID 924 (D:\Java Projects\Delivery\target\classes started by WwWwWwW in D:\Java Projects\Delivery)
2025-05-04 19:50:02 INFO  c.e.delivery.DeliveryApplication - No active profile set, falling back to 1 default profile: "default"
2025-05-04 19:50:03 INFO  o.s.d.r.c.RepositoryConfigurationDelegate - Bootstrapping Spring Data JPA repositories in DEFAULT mode.
2025-05-04 19:50:04 INFO  o.s.d.r.c.RepositoryConfigurationDelegate - Finished Spring Data repository scanning in 133 ms. Found 3 JPA repository interfaces.
2025-05-04 19:50:05 INFO  o.s.b.w.e.tomcat.TomcatWebServer - Tomcat initialized with port 8080 (http)
2025-05-04 19:50:05 INFO  o.a.coyote.http11.Http11NioProtocol - Initializing ProtocolHandler ["http-nio-8080"]
2025-05-04 19:50:05 INFO  o.a.catalina.core.StandardService - Starting service [Tomcat]
2025-05-04 19:50:05 INFO  o.a.catalina.core.StandardEngine - Starting Servlet engine: [Apache Tomcat/10.1.39]
2025-05-04 19:50:05 INFO  o.a.c.c.C.[Tomcat].[localhost].[/] - Initializing Spring embedded WebApplicationContext
2025-05-04 19:50:05 INFO  o.s.b.w.s.c.ServletWebServerApplicationContext - Root WebApplicationContext: initialization completed in 2476 ms
2025-05-04 19:50:05 INFO  o.h.jpa.internal.util.LogHelper - HHH000204: Processing PersistenceUnitInfo [name: default]
2025-05-04 19:50:05 INFO  org.hibernate.Version - HHH000412: Hibernate ORM core version 6.6.11.Final
2025-05-04 19:50:05 INFO  o.h.c.i.RegionFactoryInitiator - HHH000026: Second-level cache disabled
2025-05-04 19:50:05 INFO  o.s.o.j.p.SpringPersistenceUnitInfo - No LoadTimeWeaver setup: ignoring JPA class transformer
2025-05-04 19:50:06 INFO  com.zaxxer.hikari.HikariDataSource - HikariPool-1 - Starting...
2025-05-04 19:50:06 INFO  com.zaxxer.hikari.pool.HikariPool - HikariPool-1 - Added connection org.postgresql.jdbc.PgConnection@51743cc0
2025-05-04 19:50:06 INFO  com.zaxxer.hikari.HikariDataSource - HikariPool-1 - Start completed.
2025-05-04 19:50:06 INFO  o.hibernate.orm.connections.pooling - HHH10001005: Database info:
2025-05-04 19:50:07 INFO  o.h.e.t.j.p.i.JtaPlatformInitiator - HHH000489: No JTA platform available (set 'hibernate.transaction.jta.platform' to enable JTA platform integration)
2025-05-04 19:50:08 INFO  o.s.o.j.LocalContainerEntityManagerFactoryBean - Initialized JPA EntityManagerFactory for persistence unit 'default'
2025-05-04 19:50:08 INFO  o.s.d.j.r.query.QueryEnhancerFactory - Hibernate is in classpath; If applicable, HQL parser will be used.
2025-05-04 19:50:09 WARN  o.s.b.a.o.j.JpaBaseConfiguration$JpaWebConfiguration - spring.jpa.open-in-view is enabled by default. Therefore, database queries may be performed during view rendering. Explicitly configure spring.jpa.open-in-view to disable this warning
2025-05-04 19:50:09 INFO  o.s.v.b.OptionalValidatorFactoryBean - Failed to set up a Bean Validation provider: jakarta.validation.NoProviderFoundException: Unable to create a Configuration, because no Jakarta Bean Validation provider could be found. Add a provider like Hibernate Validator (RI) to your classpath.
2025-05-04 19:50:10 INFO  o.a.coyote.http11.Http11NioProtocol - Starting ProtocolHandler ["http-nio-8080"]
2025-05-04 19:50:10 INFO  o.s.b.w.e.tomcat.TomcatWebServer - Tomcat started on port 8080 (http) with context path '/'
2025-05-04 19:50:10 INFO  c.e.delivery.DeliveryApplication - Started DeliveryApplication in 8.863 seconds (process running for 10.695)
2025-05-04 19:52:19 INFO  o.a.c.c.C.[Tomcat].[localhost].[/] - Initializing Spring DispatcherServlet 'dispatcherServlet'
2025-05-04 19:52:19 INFO  o.s.web.servlet.DispatcherServlet - Initializing Servlet 'dispatcherServlet'
2025-05-04 19:52:19 INFO  o.s.web.servlet.DispatcherServlet - Completed initialization in 2 ms
2025-05-04 19:52:19 INFO  c.e.delivery.aspects.LoggingAspect - << generateLogFileForDateAsync() - result: java.util.concurrent.CompletableFuture@45b53132[Not completed]